# JRE version: OpenJDK Runtime Environment Temurin-21.0.3+9 (21.0.3+9) (build 21.0.3+9-LTS)
# Java VM: OpenJDK 64-Bit Server VM Temurin-21.0.3+9 (21.0.3+9-LTS, mixed mode, emulated-client, tiered, compressed oops, compressed class ptrs, g1 gc, windows-amd64)
GC Precious Log:
 CardTable entry size: 512
 Card Set container configuration: InlinePtr #cards 5 size 8 Array Of Cards #cards 12 size 40 Howl #buckets 4 coarsen threshold 1843 Howl Bitmap #cards 512 size 80 coarsen threshold 460 Card regions per heap region 1 cards per card region 2048
 CPUs: 4 total, 4 available
 Memory: 8160M
 Large Page Support: Disabled
 NUMA Support: Disabled
 Compressed Oops: Enabled (32-bit)
 Heap Region Size: 1M
 Heap Min Capacity: 8M
 Heap Initial Capacity: 128M
 Heap Max Capacity: 2042M
 Pre-touch: Disabled
 Parallel Workers: 4
 Concurrent Workers: 1
 Concurrent Refinement Workers: 4
 Periodic GC: Disabled
Heap:
 garbage-first heap   total 71680K, used 38757K [0x0000000080600000, 0x0000000100000000)
  region size 1024K, 15 young (15360K), 3 survivors (3072K)
 Metaspace       used 66591K, committed 67200K, reserved 1114112K
  class space    used 7907K, committed 8192K, reserved 1048576K
GC Heap History (20 events):
Event: 302.381 GC heap before
{Heap before GC invocations=20 (full 0):
 garbage-first heap   total 71680K, used 58568K [0x0000000080600000, 0x0000000100000000)
  region size 1024K, 40 young (40960K), 6 survivors (6144K)
 Metaspace       used 54832K, committed 55616K, reserved 1114112K
  class space    used 6601K, committed 6976K, reserved 1048576K
}
Event: 302.418 GC heap after
{Heap after GC invocations=21 (full 1):
 garbage-first heap   total 71680K, used 22118K [0x0000000080600000, 0x0000000100000000)
  region size 1024K, 0 young (0K), 0 survivors (0K)
 Metaspace       used 54832K, committed 55616K, reserved 1114112K
  class space    used 6601K, committed 6976K, reserved 1048576K
}
Event: 303.165 GC heap before
{Heap before GC invocations=21 (full 1):
 garbage-first heap   total 71680K, used 63078K [0x0000000080600000, 0x0000000100000000)
  region size 1024K, 41 young (41984K), 0 survivors (0K)
 Metaspace       used 54908K, committed 55680K, reserved 1114112K
  class space    used 6618K, committed 6976K, reserved 1048576K
}
Event: 303.169 GC heap after
{Heap after GC invocations=22 (full 1):
 garbage-first heap   total 71680K, used 25664K [0x0000000080600000, 0x0000000100000000)
  region size 1024K, 4 young (4096K), 4 survivors (4096K)
 Metaspace       used 54908K, committed 55680K, reserved 1114112K
  class space    used 6618K, committed 6976K, reserved 1048576K
}
Event: 303.581 GC heap before
{Heap before GC invocations=22 (full 1):
 garbage-first heap   total 71680K, used 60480K [0x0000000080600000, 0x0000000100000000)
  region size 1024K, 39 young (39936K), 4 survivors (4096K)
 Metaspace       used 55054K, committed 55808K, reserved 1114112K
  class space    used 6629K, committed 6976K, reserved 1048576K
}
Event: 303.585 GC heap after
{Heap after GC invocations=23 (full 1):
 garbage-first heap   total 71680K, used 26641K [0x0000000080600000, 0x0000000100000000)
  region size 1024K, 2 young (2048K), 2 survivors (2048K)
 Metaspace       used 55054K, committed 55808K, reserved 1114112K
  class space    used 6629K, committed 6976K, reserved 1048576K
}
Event: 304.831 GC heap before
{Heap before GC invocations=23 (full 1):
 garbage-first heap   total 71680K, used 62481K [0x0000000080600000, 0x0000000100000000)
  region size 1024K, 38 young (38912K), 2 survivors (2048K)
 Metaspace       used 56989K, committed 57728K, reserved 1114112K
  class space    used 6784K, committed 7104K, reserved 1048576K
}
Event: 304.834 GC heap after
{Heap after GC invocations=24 (full 1):
 garbage-first heap   total 71680K, used 29045K [0x0000000080600000, 0x0000000100000000)
  region size 1024K, 5 young (5120K), 5 survivors (5120K)
 Metaspace       used 56989K, committed 57728K, reserved 1114112K
  class space    used 6784K, committed 7104K, reserved 1048576K
}
Event: 305.033 GC heap before
{Heap before GC invocations=24 (full 1):
 garbage-first heap   total 71680K, used 58741K [0x0000000080600000, 0x0000000100000000)
  region size 1024K, 35 young (35840K), 5 survivors (5120K)
 Metaspace       used 59685K, committed 60480K, reserved 1114112K
  class space    used 7016K, committed 7360K, reserved 1048576K
}
Event: 305.036 GC heap after
{Heap after GC invocations=25 (full 1):
 garbage-first heap   total 71680K, used 28896K [0x0000000080600000, 0x0000000100000000)
  region size 1024K, 1 young (1024K), 1 survivors (1024K)
 Metaspace       used 59685K, committed 60480K, reserved 1114112K
  class space    used 7016K, committed 7360K, reserved 1048576K
}
Event: 305.959 GC heap before
{Heap before GC invocations=25 (full 1):
 garbage-first heap   total 71680K, used 62688K [0x0000000080600000, 0x0000000100000000)
  region size 1024K, 35 young (35840K), 1 survivors (1024K)
 Metaspace       used 62408K, committed 63232K, reserved 1114112K
  class space    used 7294K, committed 7680K, reserved 1048576K
}
Event: 305.961 GC heap after
{Heap after GC invocations=26 (full 1):
 garbage-first heap   total 71680K, used 33029K [0x0000000080600000, 0x0000000100000000)
  region size 1024K, 5 young (5120K), 5 survivors (5120K)
 Metaspace       used 62408K, committed 63232K, reserved 1114112K
  class space    used 7294K, committed 7680K, reserved 1048576K
}
Event: 305.966 GC heap before
{Heap before GC invocations=26 (full 1):
 garbage-first heap   total 71680K, used 33029K [0x0000000080600000, 0x0000000100000000)
  region size 1024K, 6 young (6144K), 5 survivors (5120K)
 Metaspace       used 62411K, committed 63232K, reserved 1114112K
  class space    used 7295K, committed 7680K, reserved 1048576K
}
Event: 305.969 GC heap after
{Heap after GC invocations=27 (full 1):
 garbage-first heap   total 71680K, used 33478K [0x0000000080600000, 0x0000000100000000)
  region size 1024K, 1 young (1024K), 1 survivors (1024K)
 Metaspace       used 62411K, committed 63232K, reserved 1114112K
  class space    used 7295K, committed 7680K, reserved 1048576K
}
Event: 323.016 GC heap before
{Heap before GC invocations=28 (full 1):
 garbage-first heap   total 71680K, used 62150K [0x0000000080600000, 0x0000000100000000)
  region size 1024K, 30 young (30720K), 1 survivors (1024K)
 Metaspace       used 65236K, committed 65856K, reserved 1114112K
  class space    used 7718K, committed 8000K, reserved 1048576K
}
Event: 323.019 GC heap after
{Heap after GC invocations=29 (full 1):
 garbage-first heap   total 71680K, used 34590K [0x0000000080600000, 0x0000000100000000)
  region size 1024K, 2 young (2048K), 2 survivors (2048K)
 Metaspace       used 65236K, committed 65856K, reserved 1114112K
  class space    used 7718K, committed 8000K, reserved 1048576K
}
Event: 541.692 GC heap before
{Heap before GC invocations=29 (full 1):
 garbage-first heap   total 71680K, used 55070K [0x0000000080600000, 0x0000000100000000)
  region size 1024K, 24 young (24576K), 2 survivors (2048K)
 Metaspace       used 66527K, committed 67136K, reserved 1114112K
  class space    used 7894K, committed 8192K, reserved 1048576K
}
Event: 541.736 GC heap after
{Heap after GC invocations=30 (full 2):
 garbage-first heap   total 71680K, used 24558K [0x0000000080600000, 0x0000000100000000)
  region size 1024K, 0 young (0K), 0 survivors (0K)
 Metaspace       used 66506K, committed 67136K, reserved 1114112K
  class space    used 7892K, committed 8192K, reserved 1048576K
}
Event: 542.413 GC heap before
{Heap before GC invocations=30 (full 2):
 garbage-first heap   total 71680K, used 60398K [0x0000000080600000, 0x0000000100000000)
  region size 1024K, 35 young (35840K), 0 survivors (0K)
 Metaspace       used 66573K, committed 67200K, reserved 1114112K
  class space    used 7905K, committed 8192K, reserved 1048576K
}
Event: 542.416 GC heap after
{Heap after GC invocations=31 (full 2):
 garbage-first heap   total 71680K, used 27493K [0x0000000080600000, 0x0000000100000000)
  region size 1024K, 3 young (3072K), 3 survivors (3072K)
 Metaspace       used 66573K, committed 67200K, reserved 1114112K
  class space    used 7905K, committed 8192K, reserved 1048576K
}

